# JRE version: OpenJDK Runtime Environment Temurin-21.0.9+10 (21.0.9+10) (build 21.0.9+10-LTS)
# Java VM: OpenJDK 64-Bit Server VM Temurin-21.0.9+10 (21.0.9+10-LTS, mixed mode, emulated-client, sharing, tiered, compressed oops, compressed class ptrs, g1 gc, windows-amd64)
GC Precious Log:
 CardTable entry size: 512
 Card Set container configuration: InlinePtr #cards 5 size 8 Array Of Cards #cards 12 size 40 Howl #buckets 4 coarsen threshold 1843 Howl Bitmap #cards 512 size 80 coarsen threshold 460 Card regions per heap region 1 cards per card region 2048
 CPUs: 16 total, 16 available
 Memory: 7600M
 Large Page Support: Disabled
 NUMA Support: Disabled
 Compressed Oops: Enabled (32-bit)
 Heap Region Size: 1M
 Heap Min Capacity: 8M
 Heap Initial Capacity: 120M
 Heap Max Capacity: 1G
 Pre-touch: Disabled
 Parallel Workers: 13
 Concurrent Workers: 3
 Concurrent Refinement Workers: 13
 Periodic GC: Disabled
Heap:
 garbage-first heap   total 130048K, used 37021K [0x00000000c0000000, 0x0000000100000000)
  region size 1024K, 1 young (1024K), 0 survivors (0K)
 Metaspace       used 59686K, committed 60480K, reserved 1114112K
  class space    used 7931K, committed 8320K, reserved 1048576K
GC Heap History (20 events):
Event: 32377.733 GC heap after
{Heap after GC invocations=2262 (full 2103):
 garbage-first heap   total 130048K, used 37021K [0x00000000c0000000, 0x0000000100000000)
  region size 1024K, 0 young (0K), 0 survivors (0K)
 Metaspace       used 59686K, committed 60480K, reserved 1114112K
  class space    used 7931K, committed 8320K, reserved 1048576K
}
Event: 32388.147 GC heap before
{Heap before GC invocations=2262 (full 2103):
 garbage-first heap   total 130048K, used 37021K [0x00000000c0000000, 0x0000000100000000)
  region size 1024K, 1 young (1024K), 0 survivors (0K)
 Metaspace       used 59686K, committed 60480K, reserved 1114112K
  class space    used 7931K, committed 8320K, reserved 1048576K
}
Event: 32388.178 GC heap after
{Heap after GC invocations=2263 (full 2104):
 garbage-first heap   total 130048K, used 37021K [0x00000000c0000000, 0x0000000100000000)
  region size 1024K, 0 young (0K), 0 survivors (0K)
 Metaspace       used 59686K, committed 60480K, reserved 1114112K
  class space    used 7931K, committed 8320K, reserved 1048576K
}
Event: 32398.457 GC heap before
{Heap before GC invocations=2263 (full 2104):
 garbage-first heap   total 130048K, used 37021K [0x00000000c0000000, 0x0000000100000000)
  region size 1024K, 1 young (1024K), 0 survivors (0K)
 Metaspace       used 59686K, committed 60480K, reserved 1114112K
  class space    used 7931K, committed 8320K, reserved 1048576K
}
Event: 32398.483 GC heap after
{Heap after GC invocations=2264 (full 2105):
 garbage-first heap   total 130048K, used 37021K [0x00000000c0000000, 0x0000000100000000)
  region size 1024K, 0 young (0K), 0 survivors (0K)
 Metaspace       used 59686K, committed 60480K, reserved 1114112K
  class space    used 7931K, committed 8320K, reserved 1048576K
}
Event: 32408.730 GC heap before
{Heap before GC invocations=2264 (full 2105):
 garbage-first heap   total 130048K, used 37021K [0x00000000c0000000, 0x0000000100000000)
  region size 1024K, 1 young (1024K), 0 survivors (0K)
 Metaspace       used 59686K, committed 60480K, reserved 1114112K
  class space    used 7931K, committed 8320K, reserved 1048576K
}
Event: 32408.765 GC heap after
{Heap after GC invocations=2265 (full 2106):
 garbage-first heap   total 130048K, used 37021K [0x00000000c0000000, 0x0000000100000000)
  region size 1024K, 0 young (0K), 0 survivors (0K)
 Metaspace       used 59686K, committed 60480K, reserved 1114112K
  class space    used 7931K, committed 8320K, reserved 1048576K
}
Event: 32419.082 GC heap before
{Heap before GC invocations=2265 (full 2106):
 garbage-first heap   total 130048K, used 37021K [0x00000000c0000000, 0x0000000100000000)
  region size 1024K, 1 young (1024K), 0 survivors (0K)
 Metaspace       used 59686K, committed 60480K, reserved 1114112K
  class space    used 7931K, committed 8320K, reserved 1048576K
}
Event: 32419.108 GC heap after
{Heap after GC invocations=2266 (full 2107):
 garbage-first heap   total 130048K, used 37021K [0x00000000c0000000, 0x0000000100000000)
  region size 1024K, 0 young (0K), 0 survivors (0K)
 Metaspace       used 59686K, committed 60480K, reserved 1114112K
  class space    used 7931K, committed 8320K, reserved 1048576K
}
Event: 32429.375 GC heap before
{Heap before GC invocations=2266 (full 2107):
 garbage-first heap   total 130048K, used 37021K [0x00000000c0000000, 0x0000000100000000)
  region size 1024K, 1 young (1024K), 0 survivors (0K)
 Metaspace       used 59686K, committed 60480K, reserved 1114112K
  class space    used 7931K, committed 8320K, reserved 1048576K
}
Event: 32429.402 GC heap after
{Heap after GC invocations=2267 (full 2108):
 garbage-first heap   total 130048K, used 37021K [0x00000000c0000000, 0x0000000100000000)
  region size 1024K, 0 young (0K), 0 survivors (0K)
 Metaspace       used 59686K, committed 60480K, reserved 1114112K
  class space    used 7931K, committed 8320K, reserved 1048576K
}
Event: 32439.639 GC heap before
{Heap before GC invocations=2267 (full 2108):
 garbage-first heap   total 130048K, used 37021K [0x00000000c0000000, 0x0000000100000000)
  region size 1024K, 1 young (1024K), 0 survivors (0K)
 Metaspace       used 59686K, committed 60480K, reserved 1114112K
  class space    used 7931K, committed 8320K, reserved 1048576K
}
Event: 32439.663 GC heap after
{Heap after GC invocations=2268 (full 2109):
 garbage-first heap   total 130048K, used 37021K [0x00000000c0000000, 0x0000000100000000)
  region size 1024K, 0 young (0K), 0 survivors (0K)
 Metaspace       used 59686K, committed 60480K, reserved 1114112K
  class space    used 7931K, committed 8320K, reserved 1048576K
}
Event: 32450.002 GC heap before
{Heap before GC invocations=2268 (full 2109):
 garbage-first heap   total 130048K, used 37021K [0x00000000c0000000, 0x0000000100000000)
  region size 1024K, 1 young (1024K), 0 survivors (0K)
 Metaspace       used 59686K, committed 60480K, reserved 1114112K
  class space    used 7931K, committed 8320K, reserved 1048576K
}
Event: 32450.030 GC heap after
{Heap after GC invocations=2269 (full 2110):
 garbage-first heap   total 130048K, used 37021K [0x00000000c0000000, 0x0000000100000000)
  region size 1024K, 0 young (0K), 0 survivors (0K)
 Metaspace       used 59686K, committed 60480K, reserved 1114112K
  class space    used 7931K, committed 8320K, reserved 1048576K
}
Event: 32460.297 GC heap before
{Heap before GC invocations=2269 (full 2110):
 garbage-first heap   total 130048K, used 37021K [0x00000000c0000000, 0x0000000100000000)
  region size 1024K, 1 young (1024K), 0 survivors (0K)
 Metaspace       used 59686K, committed 60480K, reserved 1114112K
  class space    used 7931K, committed 8320K, reserved 1048576K
}
Event: 32460.322 GC heap after
{Heap after GC invocations=2270 (full 2111):
 garbage-first heap   total 130048K, used 37021K [0x00000000c0000000, 0x0000000100000000)
  region size 1024K, 0 young (0K), 0 survivors (0K)
 Metaspace       used 59686K, committed 60480K, reserved 1114112K
  class space    used 7931K, committed 8320K, reserved 1048576K
}
Event: 32470.633 GC heap before
{Heap before GC invocations=2270 (full 2111):
 garbage-first heap   total 130048K, used 37021K [0x00000000c0000000, 0x0000000100000000)
  region size 1024K, 1 young (1024K), 0 survivors (0K)
 Metaspace       used 59686K, committed 60480K, reserved 1114112K
  class space    used 7931K, committed 8320K, reserved 1048576K
}
Event: 32470.664 GC heap after
{Heap after GC invocations=2271 (full 2112):
 garbage-first heap   total 130048K, used 37021K [0x00000000c0000000, 0x0000000100000000)
  region size 1024K, 0 young (0K), 0 survivors (0K)
 Metaspace       used 59686K, committed 60480K, reserved 1114112K
  class space    used 7931K, committed 8320K, reserved 1048576K
}
Event: 32480.980 GC heap before
{Heap before GC invocations=2271 (full 2112):
 garbage-first heap   total 130048K, used 37021K [0x00000000c0000000, 0x0000000100000000)
  region size 1024K, 1 young (1024K), 0 survivors (0K)
 Metaspace       used 59686K, committed 60480K, reserved 1114112K
  class space    used 7931K, committed 8320K, reserved 1048576K
}

